[2024-02-27 21:41:57] [ INFO ] [OdontologoDAOH2:23] Estamos guardando un odontologo
[2024-02-27 21:41:58] [ INFO ] [OdontologoDAOH2:23] Estamos guardando un odontologo
[2024-02-27 21:41:58] [ INFO ] [OdontologoDAOH2:23] Estamos guardando un odontologo
[2024-02-27 21:41:58] [ INFO ] [OdontologoDAOH2:49] Estamos trayendo todos los odontologos
[2024-02-27 21:41:58] [ INFO ] [OdontologoDAOH2:73] Esta es la lista de odontologos: []
[2024-02-27 21:42:58] [ INFO ] [OdontologoDAOH2:23] Estamos guardando un odontologo
[2024-02-27 21:42:58] [ INFO ] [OdontologoDAOH2:23] Estamos guardando un odontologo
[2024-02-27 21:42:58] [ INFO ] [OdontologoDAOH2:23] Estamos guardando un odontologo
[2024-02-27 21:42:58] [ INFO ] [OdontologoDAOH2:49] Estamos trayendo todos los odontologos
[2024-02-27 21:42:58] [ INFO ] [OdontologoDAOH2:73] Esta es la lista de odontologos: [model.Odontologo@1787f2a0, model.Odontologo@7de62196, model.Odontologo@163370c2]
[2024-02-27 21:44:32] [ INFO ] [OdontologoDAOH2:23] Estamos guardando un odontologo
[2024-02-27 21:44:32] [ INFO ] [OdontologoDAOH2:23] Estamos guardando un odontologo
[2024-02-27 21:44:32] [ INFO ] [OdontologoDAOH2:23] Estamos guardando un odontologo
[2024-02-27 21:44:32] [ INFO ] [OdontologoDAOH2:49] Estamos trayendo todos los odontologos
[2024-02-27 21:44:32] [ INFO ] [OdontologoDAOH2:73] Esta es la lista de odontologos: [Odontologo = Matricula: Nombre: Apellido: , Odontologo = Matricula: Nombre: Apellido: , Odontologo = Matricula: Nombre: Apellido: , Odontologo = Matricula: Nombre: Apellido: , Odontologo = Matricula: Nombre: Apellido: , Odontologo = Matricula: Nombre: Apellido: ]
[2024-02-27 21:45:31] [ INFO ] [OdontologoDAOH2:23] Estamos guardando un odontologo
[2024-02-27 21:45:31] [ INFO ] [OdontologoDAOH2:23] Estamos guardando un odontologo
[2024-02-27 21:45:31] [ INFO ] [OdontologoDAOH2:23] Estamos guardando un odontologo
[2024-02-27 21:45:31] [ INFO ] [OdontologoDAOH2:49] Estamos trayendo todos los odontologos
[2024-02-27 21:45:31] [ INFO ] [OdontologoDAOH2:73] Esta es la lista de odontologos: [Odontologo = SanchezMatricula: JuanApellido: 135213ID: 1, Odontologo = FerreiraMatricula: MateoApellido: 2354ID: 2, Odontologo = PereiraMatricula: RodrigoApellido: 5635ID: 3, Odontologo = SanchezMatricula: JuanApellido: 135213ID: 4, Odontologo = FerreiraMatricula: MateoApellido: 2354ID: 5, Odontologo = PereiraMatricula: RodrigoApellido: 5635ID: 6, Odontologo = SanchezMatricula: JuanApellido: 135213ID: 7, Odontologo = FerreiraMatricula: MateoApellido: 2354ID: 8, Odontologo = PereiraMatricula: RodrigoApellido: 5635ID: 9]
[2024-02-27 21:46:38] [ INFO ] [OdontologoDAOH2:23] Estamos guardando un odontologo
[2024-02-27 21:46:39] [ INFO ] [OdontologoDAOH2:23] Estamos guardando un odontologo
[2024-02-27 21:46:39] [ INFO ] [OdontologoDAOH2:23] Estamos guardando un odontologo
[2024-02-27 21:46:39] [ INFO ] [OdontologoDAOH2:49] Estamos trayendo todos los odontologos
[2024-02-27 21:46:39] [ INFO ] [OdontologoDAOH2:73] Esta es la lista de odontologos: [Odontologo{id=1, numeroMatricula='Juan', nombre='Sanchez', apellido='135213'}, Odontologo{id=2, numeroMatricula='Mateo', nombre='Ferreira', apellido='2354'}, Odontologo{id=3, numeroMatricula='Rodrigo', nombre='Pereira', apellido='5635'}, Odontologo{id=4, numeroMatricula='Juan', nombre='Sanchez', apellido='135213'}, Odontologo{id=5, numeroMatricula='Mateo', nombre='Ferreira', apellido='2354'}, Odontologo{id=6, numeroMatricula='Rodrigo', nombre='Pereira', apellido='5635'}, Odontologo{id=7, numeroMatricula='Juan', nombre='Sanchez', apellido='135213'}, Odontologo{id=8, numeroMatricula='Mateo', nombre='Ferreira', apellido='2354'}, Odontologo{id=9, numeroMatricula='Rodrigo', nombre='Pereira', apellido='5635'}, Odontologo{id=10, numeroMatricula='Juan', nombre='Sanchez', apellido='135213'}, Odontologo{id=11, numeroMatricula='Mateo', nombre='Ferreira', apellido='2354'}, Odontologo{id=12, numeroMatricula='Rodrigo', nombre='Pereira', apellido='5635'}]
[2024-02-27 21:48:51] [ INFO ] [OdontologoDAOH2:23] Estamos guardando un odontologo
[2024-02-27 21:48:52] [ INFO ] [OdontologoDAOH2:23] Estamos guardando un odontologo
[2024-02-27 21:48:52] [ INFO ] [OdontologoDAOH2:23] Estamos guardando un odontologo
[2024-02-27 21:48:52] [ INFO ] [OdontologoDAOH2:49] Estamos trayendo todos los odontologos
[2024-02-27 21:48:52] [ INFO ] [OdontologoDAOH2:73] Esta es la lista de odontologos: [Odontologo{id=1, numeroMatricula='Juan', nombre='Sanchez', apellido='135213'}, Odontologo{id=2, numeroMatricula='Mateo', nombre='Ferreira', apellido='2354'}, Odontologo{id=3, numeroMatricula='Rodrigo', nombre='Pereira', apellido='5635'}, Odontologo{id=4, numeroMatricula='Juan', nombre='Sanchez', apellido='135213'}, Odontologo{id=5, numeroMatricula='Mateo', nombre='Ferreira', apellido='2354'}, Odontologo{id=6, numeroMatricula='Rodrigo', nombre='Pereira', apellido='5635'}, Odontologo{id=7, numeroMatricula='Juan', nombre='Sanchez', apellido='135213'}, Odontologo{id=8, numeroMatricula='Mateo', nombre='Ferreira', apellido='2354'}, Odontologo{id=9, numeroMatricula='Rodrigo', nombre='Pereira', apellido='5635'}, Odontologo{id=10, numeroMatricula='Juan', nombre='Sanchez', apellido='135213'}, Odontologo{id=11, numeroMatricula='Mateo', nombre='Ferreira', apellido='2354'}, Odontologo{id=12, numeroMatricula='Rodrigo', nombre='Pereira', apellido='5635'}, Odontologo{id=13, numeroMatricula='Sanchez', nombre='1313', apellido='Juan'}, Odontologo{id=14, numeroMatricula='Ferreira', nombre='2354', apellido='Mateo'}, Odontologo{id=15, numeroMatricula='Pereira', nombre='5635', apellido='Rodrigo'}]
[2024-02-27 21:50:10] [ INFO ] [OdontologoDAOH2:23] Estamos guardando un odontologo
[2024-02-27 21:50:11] [ INFO ] [OdontologoDAOH2:23] Estamos guardando un odontologo
[2024-02-27 21:50:11] [ INFO ] [OdontologoDAOH2:23] Estamos guardando un odontologo
[2024-02-27 21:50:11] [ INFO ] [OdontologoDAOH2:49] Estamos trayendo todos los odontologos
[2024-02-27 21:50:11] [ INFO ] [OdontologoDAOH2:73] Esta es la lista de odontologos: [Odontologo{id=1, numeroMatricula='Juan', nombre='Sanchez', apellido='135213'}, Odontologo{id=2, numeroMatricula='Mateo', nombre='Ferreira', apellido='2354'}, Odontologo{id=3, numeroMatricula='Rodrigo', nombre='Pereira', apellido='5635'}, Odontologo{id=4, numeroMatricula='Juan', nombre='Sanchez', apellido='135213'}, Odontologo{id=5, numeroMatricula='Mateo', nombre='Ferreira', apellido='2354'}, Odontologo{id=6, numeroMatricula='Rodrigo', nombre='Pereira', apellido='5635'}, Odontologo{id=7, numeroMatricula='Juan', nombre='Sanchez', apellido='135213'}, Odontologo{id=8, numeroMatricula='Mateo', nombre='Ferreira', apellido='2354'}, Odontologo{id=9, numeroMatricula='Rodrigo', nombre='Pereira', apellido='5635'}, Odontologo{id=10, numeroMatricula='Juan', nombre='Sanchez', apellido='135213'}, Odontologo{id=11, numeroMatricula='Mateo', nombre='Ferreira', apellido='2354'}, Odontologo{id=12, numeroMatricula='Rodrigo', nombre='Pereira', apellido='5635'}, Odontologo{id=13, numeroMatricula='Sanchez', nombre='1313', apellido='Juan'}, Odontologo{id=14, numeroMatricula='Ferreira', nombre='2354', apellido='Mateo'}, Odontologo{id=15, numeroMatricula='Pereira', nombre='5635', apellido='Rodrigo'}, Odontologo{id=16, numeroMatricula='Juan', nombre='Sanchez', apellido='1313'}, Odontologo{id=17, numeroMatricula='Mateo', nombre='Ferreira', apellido='2354'}, Odontologo{id=18, numeroMatricula='Rodrigo', nombre='Pereira', apellido='5635'}]
[2024-02-27 21:50:51] [ INFO ] [OdontologoDAOH2:23] Estamos guardando un odontologo
[2024-02-27 21:50:51] [ INFO ] [OdontologoDAOH2:49] Estamos trayendo todos los odontologos
[2024-02-27 21:50:52] [ INFO ] [OdontologoDAOH2:73] Esta es la lista de odontologos: [Odontologo{id=1, numeroMatricula='Juan', nombre='Sanchez', apellido='135213'}, Odontologo{id=2, numeroMatricula='Mateo', nombre='Ferreira', apellido='2354'}, Odontologo{id=3, numeroMatricula='Rodrigo', nombre='Pereira', apellido='5635'}, Odontologo{id=4, numeroMatricula='Juan', nombre='Sanchez', apellido='135213'}, Odontologo{id=5, numeroMatricula='Mateo', nombre='Ferreira', apellido='2354'}, Odontologo{id=6, numeroMatricula='Rodrigo', nombre='Pereira', apellido='5635'}, Odontologo{id=7, numeroMatricula='Juan', nombre='Sanchez', apellido='135213'}, Odontologo{id=8, numeroMatricula='Mateo', nombre='Ferreira', apellido='2354'}, Odontologo{id=9, numeroMatricula='Rodrigo', nombre='Pereira', apellido='5635'}, Odontologo{id=10, numeroMatricula='Juan', nombre='Sanchez', apellido='135213'}, Odontologo{id=11, numeroMatricula='Mateo', nombre='Ferreira', apellido='2354'}, Odontologo{id=12, numeroMatricula='Rodrigo', nombre='Pereira', apellido='5635'}, Odontologo{id=13, numeroMatricula='Sanchez', nombre='1313', apellido='Juan'}, Odontologo{id=14, numeroMatricula='Ferreira', nombre='2354', apellido='Mateo'}, Odontologo{id=15, numeroMatricula='Pereira', nombre='5635', apellido='Rodrigo'}, Odontologo{id=16, numeroMatricula='Juan', nombre='Sanchez', apellido='1313'}, Odontologo{id=17, numeroMatricula='Mateo', nombre='Ferreira', apellido='2354'}, Odontologo{id=18, numeroMatricula='Rodrigo', nombre='Pereira', apellido='5635'}, Odontologo{id=19, numeroMatricula='Juan', nombre='Sanchez', apellido='1313'}]
[2024-02-27 21:52:27] [ INFO ] [OdontologoDAOH2:23] Estamos guardando un odontologo
[2024-02-27 21:52:27] [ INFO ] [OdontologoDAOH2:49] Estamos trayendo todos los odontologos
[2024-02-27 21:52:27] [ INFO ] [OdontologoDAOH2:73] Esta es la lista de odontologos: [Odontologo{id=1, numeroMatricula='Juan', nombre='Sanchez', apellido='135213'}, Odontologo{id=2, numeroMatricula='Mateo', nombre='Ferreira', apellido='2354'}, Odontologo{id=3, numeroMatricula='Rodrigo', nombre='Pereira', apellido='5635'}, Odontologo{id=4, numeroMatricula='Juan', nombre='Sanchez', apellido='135213'}, Odontologo{id=5, numeroMatricula='Mateo', nombre='Ferreira', apellido='2354'}, Odontologo{id=6, numeroMatricula='Rodrigo', nombre='Pereira', apellido='5635'}, Odontologo{id=7, numeroMatricula='Juan', nombre='Sanchez', apellido='135213'}, Odontologo{id=8, numeroMatricula='Mateo', nombre='Ferreira', apellido='2354'}, Odontologo{id=9, numeroMatricula='Rodrigo', nombre='Pereira', apellido='5635'}, Odontologo{id=10, numeroMatricula='Juan', nombre='Sanchez', apellido='135213'}, Odontologo{id=11, numeroMatricula='Mateo', nombre='Ferreira', apellido='2354'}, Odontologo{id=12, numeroMatricula='Rodrigo', nombre='Pereira', apellido='5635'}, Odontologo{id=13, numeroMatricula='Sanchez', nombre='1313', apellido='Juan'}, Odontologo{id=14, numeroMatricula='Ferreira', nombre='2354', apellido='Mateo'}, Odontologo{id=15, numeroMatricula='Pereira', nombre='5635', apellido='Rodrigo'}, Odontologo{id=16, numeroMatricula='Juan', nombre='Sanchez', apellido='1313'}, Odontologo{id=17, numeroMatricula='Mateo', nombre='Ferreira', apellido='2354'}, Odontologo{id=18, numeroMatricula='Rodrigo', nombre='Pereira', apellido='5635'}, Odontologo{id=19, numeroMatricula='Juan', nombre='Sanchez', apellido='1313'}, Odontologo{id=20, numeroMatricula='Juan', nombre='Sanchez', apellido='1313'}]
[2024-02-27 21:56:26] [ INFO ] [OdontologoDAOH2:23] Estamos guardando un odontologo
[2024-02-27 21:56:27] [ INFO ] [OdontologoDAOH2:49] Estamos trayendo todos los odontologos
[2024-02-27 21:56:27] [ INFO ] [OdontologoDAOH2:73] Esta es la lista de odontologos: [Odontologo{id=1, numeroMatricula='Juan', nombre='Sanchez', apellido='135213'}, Odontologo{id=2, numeroMatricula='Mateo', nombre='Ferreira', apellido='2354'}, Odontologo{id=3, numeroMatricula='Rodrigo', nombre='Pereira', apellido='5635'}, Odontologo{id=4, numeroMatricula='Juan', nombre='Sanchez', apellido='135213'}, Odontologo{id=5, numeroMatricula='Mateo', nombre='Ferreira', apellido='2354'}, Odontologo{id=6, numeroMatricula='Rodrigo', nombre='Pereira', apellido='5635'}, Odontologo{id=7, numeroMatricula='Juan', nombre='Sanchez', apellido='135213'}, Odontologo{id=8, numeroMatricula='Mateo', nombre='Ferreira', apellido='2354'}, Odontologo{id=9, numeroMatricula='Rodrigo', nombre='Pereira', apellido='5635'}, Odontologo{id=10, numeroMatricula='Juan', nombre='Sanchez', apellido='135213'}, Odontologo{id=11, numeroMatricula='Mateo', nombre='Ferreira', apellido='2354'}, Odontologo{id=12, numeroMatricula='Rodrigo', nombre='Pereira', apellido='5635'}, Odontologo{id=13, numeroMatricula='Sanchez', nombre='1313', apellido='Juan'}, Odontologo{id=14, numeroMatricula='Ferreira', nombre='2354', apellido='Mateo'}, Odontologo{id=15, numeroMatricula='Pereira', nombre='5635', apellido='Rodrigo'}, Odontologo{id=16, numeroMatricula='Juan', nombre='Sanchez', apellido='1313'}, Odontologo{id=17, numeroMatricula='Mateo', nombre='Ferreira', apellido='2354'}, Odontologo{id=18, numeroMatricula='Rodrigo', nombre='Pereira', apellido='5635'}, Odontologo{id=19, numeroMatricula='Juan', nombre='Sanchez', apellido='1313'}, Odontologo{id=20, numeroMatricula='Juan', nombre='Sanchez', apellido='1313'}, Odontologo{id=21, numeroMatricula='Juan', nombre='Sanchez', apellido='1313'}]
[2024-02-27 21:57:42] [ INFO ] [OdontologoDAOH2:23] Estamos guardando un odontologo
[2024-02-27 21:57:42] [ INFO ] [OdontologoDAOH2:49] Estamos trayendo todos los odontologos
[2024-02-27 21:57:42] [ INFO ] [OdontologoDAOH2:73] Esta es la lista de odontologos: []
[2024-02-27 21:57:55] [ INFO ] [OdontologoDAOH2:23] Estamos guardando un odontologo
[2024-02-27 21:57:55] [ INFO ] [OdontologoDAOH2:49] Estamos trayendo todos los odontologos
[2024-02-27 21:57:55] [ INFO ] [OdontologoDAOH2:73] Esta es la lista de odontologos: [Odontologo{id=1, numeroMatricula='1313', nombre='Juan', apellido='Sanchez'}]
[2024-02-27 21:59:49] [ INFO ] [OdontologoDAOH2:23] Estamos guardando un odontologo
[2024-02-27 21:59:49] [ INFO ] [OdontologoDAOH2:23] Estamos guardando un odontologo
[2024-02-27 22:00:10] [ INFO ] [OdontologoDAOH2:23] Estamos guardando un odontologo
[2024-02-27 22:00:10] [ INFO ] [OdontologoDAOH2:23] Estamos guardando un odontologo
[2024-02-27 22:00:59] [ INFO ] [OdontologoDAOH2:23] Estamos guardando un odontologo
[2024-02-27 22:00:59] [ INFO ] [OdontologoDAOH2:23] Estamos guardando un odontologo
[2024-02-27 22:00:59] [ INFO ] [OdontologoDAOH2:49] Estamos trayendo todos los odontologos
[2024-02-27 22:00:59] [ INFO ] [OdontologoDAOH2:73] Esta es la lista de odontologos: [Odontologo{id=1, numeroMatricula='1313', nombre='Juan', apellido='Sanchez'}, Odontologo{id=2, numeroMatricula='2354', nombre='Mateo', apellido='Ferreira'}]
